"/srv/maven/Torrents/Completed/No.Hard.Feelings.2023.1080p.WEB-DL.DD5.1.H.264-CMRG[TGx]",,,"1706026753.377"
"/srv/maven/Torrents/Completed/.DS_Store",,,"1705704347.415237"
"/srv/maven/Torrents/Completed/F1 22 [FitGirl Repack]",,,"1705103224.3828304"
"/srv/maven/Torrents/Completed/SIFU [FitGirl Repack]",,,"1703969974.121247"
"/srv/maven/Torrents/Completed/Outer Wilds [FitGirl Repack]",,,"1703969467.7595277"
"/srv/maven/Torrents/Completed/House of the Dragon S01 Complete 1080p WEBRip AAC5.1 HEVC x265-HODL",,,"1702308719.7634673"
"/srv/maven/Torrents/Completed/Adobe Photoshop 2023 24.6.0.573 RePack by KpoJIuK.exe",,,"1701711519.247899"
"/srv/maven/Torrents/Completed/Adobe Photoshop 2024 v25.2 macOS_Torrentmac.net.zip",,,"1701711396.123666"
"/srv/maven/Torrents/Completed/._.DS_Store",,,"1700843369.2278478"
"/srv/maven/Torrents/Completed/The Legend of Zelda - Breath of the Wild [FitGirl Repack]",,,"1699709857.9793584"
"/srv/maven/Torrents/Completed/Cities - Skylines II Update 1.0.12f1.rar",,,"1699263965.8754904"
"/srv/maven/Torrents/Completed/Cities - Skylines II [FitGirl Repack]",,,"1698367491.2416036"
"/srv/maven/Torrents/Completed/Factorio.alpha.v1.1.85",,,"1697547562.1176353"
"/srv/maven/Torrents/Completed/Art.of.Rally.v1.4.4",,,"1697547346.1285372"
"/srv/maven/Torrents/Completed/The.Sims.4.v1.100.144.1230",,,"1697047002.5731537"
"/srv/maven/Torrents/Completed/GTA IV - Complete Edition [FitGirl Repack]",,,"1693568269.5164652"
"/srv/maven/Torrents/Completed/Red Dead Redemption [FitGirl Repack]",,,"1692701843.9716153"
"/srv/maven/Torrents/Completed/The Legend of Zelda - TotK [FitGirl Repack]",,,"1689105555.6749268"
"/srv/maven/Torrents/Completed/DiRT Rally 2.0 [FitGirl Repack]",,,"1677339269.7043002"
"/srv/maven/Torrents/Completed/.7e395ccfd5426bb32f84684013ec72cfd614b49d.parts",,,"1677335715.2532747"
"/srv/maven/Torrents/Completed/TV",,,"1674246683.3686001"
"/srv/maven/Torrents/Completed/Mafia - Definitive Edition [FitGirl Repack]",,,"1672455993.5191193"
"/srv/maven/Torrents/Completed/art of rally [FitGirl Repack]",,,"1672329285.4682083"
"/srv/maven/Torrents/Completed/Prison Architect [FitGirl Repack]",,,"1672259180.4827704"
"/srv/maven/Torrents/Completed/Movies",,,"1671913665.4133925"
"/srv/maven/Torrents/Completed/Microsoft Office",,,"1666809366.4955873"
"/srv/maven/Torrents/Completed/Stray [FitGirl Repack]",,,"1665773023.0332692"
"/srv/maven/Torrents/Completed/Adobe.Acrobat.Pro.DC.v2022.002.20212x64.exe",,,"1663850243.9383512"
"/srv/maven/Torrents/Completed/Adobe Media Encoder 2022 22.2.0.64 RePack by KpoJIuK.exe",,,"1656014168.1863272"
"/srv/maven/Torrents/Completed/Adobe Premiere Pro 2022 22.0.0.169 RePack by KpoJIuK.exe",,,"1656014110.7141645"
"/srv/maven/Torrents/Completed/Adobe After Effects 2022 22.2.1.3 RePack by KpoJIuK.exe",,,"1656014037.341954"
